
Thu Jun 21 2018 13:54:20 GMT+0530 (India Standard Time) :GET /
Thu Jun 21 2018 14:01:43 GMT+0530 (India Standard Time) :GET /
Thu Jun 21 2018 14:02:06 GMT+0530 (India Standard Time) :GET /
Thu Jun 21 2018 14:03:26 GMT+0530 (India Standard Time) :GET /
Thu Jun 21 2018 14:06:25 GMT+0530 (India Standard Time) :GET /
Thu Jun 21 2018 14:08:15 GMT+0530 (India Standard Time) :GET /
Thu Jun 21 2018 14:09:39 GMT+0530 (India Standard Time) :GET /
Thu Jun 21 2018 14:09:57 GMT+0530 (India Standard Time) :GET /
Thu Jun 21 2018 14:12:58 GMT+0530 (India Standard Time) :GET /
Thu Jun 21 2018 14:14:37 GMT+0530 (India Standard Time) :GET /
Thu Jun 21 2018 14:14:56 GMT+0530 (India Standard Time) :GET /
Thu Jun 21 2018 14:17:44 GMT+0530 (India Standard Time) :GET /
Thu Jun 21 2018 14:22:15 GMT+0530 (India Standard Time) :GET /
Thu Jun 21 2018 14:29:16 GMT+0530 (India Standard Time) :GET /
Thu Jun 21 2018 14:29:16 GMT+0530 (India Standard Time) :GET /About
Thu Jun 21 2018 14:29:16 GMT+0530 (India Standard Time) :GET /
Thu Jun 21 2018 14:29:16 GMT+0530 (India Standard Time) :GET /About
Thu Jun 21 2018 14:29:16 GMT+0530 (India Standard Time) :GET /About
Thu Jun 21 2018 14:29:16 GMT+0530 (India Standard Time) :GET /
Thu Jun 21 2018 14:29:16 GMT+0530 (India Standard Time) :GET /
Thu Jun 21 2018 14:29:16 GMT+0530 (India Standard Time) :GET /
Thu Jun 21 2018 14:29:16 GMT+0530 (India Standard Time) :GET /
Thu Jun 21 2018 14:30:33 GMT+0530 (India Standard Time) :GET /
Thu Jun 21 2018 14:30:43 GMT+0530 (India Standard Time) :GET /
Thu Jun 21 2018 14:35:51 GMT+0530 (India Standard Time) :GET /
Thu Jun 21 2018 14:36:44 GMT+0530 (India Standard Time) :GET /
Thu Jun 21 2018 14:36:45 GMT+0530 (India Standard Time) :GET /
Thu Jun 21 2018 14:36:45 GMT+0530 (India Standard Time) :GET /
Thu Jun 21 2018 14:36:46 GMT+0530 (India Standard Time) :GET /
Thu Jun 21 2018 14:36:46 GMT+0530 (India Standard Time) :GET /
Thu Jun 21 2018 14:36:47 GMT+0530 (India Standard Time) :GET /
Fri Jun 22 2018 13:51:20 GMT+0530 (India Standard Time) :GET /
Fri Jun 22 2018 13:51:20 GMT+0530 (India Standard Time) :GET /favicon.ico
Fri Jun 22 2018 13:51:31 GMT+0530 (India Standard Time) :GET /
Fri Jun 22 2018 13:53:09 GMT+0530 (India Standard Time) :GET /
Fri Jun 22 2018 13:53:10 GMT+0530 (India Standard Time) :GET /
Fri Jun 22 2018 13:53:11 GMT+0530 (India Standard Time) :GET /
Fri Jun 22 2018 13:53:50 GMT+0530 (India Standard Time) :GET /
Fri Jun 22 2018 13:53:51 GMT+0530 (India Standard Time) :GET /
Fri Jun 22 2018 13:54:13 GMT+0530 (India Standard Time) :GET /projects
Fri Jun 22 2018 13:54:32 GMT+0530 (India Standard Time) :GET /projects
Fri Jun 22 2018 13:54:33 GMT+0530 (India Standard Time) :GET /projects
Fri Jun 22 2018 13:54:35 GMT+0530 (India Standard Time) :GET /
Fri Jun 22 2018 13:54:36 GMT+0530 (India Standard Time) :GET /
Fri Jun 22 2018 13:54:52 GMT+0530 (India Standard Time) :GET /
Fri Jun 22 2018 13:54:53 GMT+0530 (India Standard Time) :GET /
Fri Jun 22 2018 13:54:54 GMT+0530 (India Standard Time) :GET /
Fri Jun 22 2018 13:54:54 GMT+0530 (India Standard Time) :GET /
Fri Jun 22 2018 13:54:59 GMT+0530 (India Standard Time) :GET /
Fri Jun 22 2018 13:55:00 GMT+0530 (India Standard Time) :GET /
Fri Jun 22 2018 13:55:01 GMT+0530 (India Standard Time) :GET /projects
Fri Jun 22 2018 13:55:34 GMT+0530 (India Standard Time) :GET /
Fri Jun 22 2018 13:55:34 GMT+0530 (India Standard Time) :GET /
Fri Jun 22 2018 13:55:35 GMT+0530 (India Standard Time) :GET /projects
Fri Jun 22 2018 13:56:18 GMT+0530 (India Standard Time) :GET /
Fri Jun 22 2018 13:56:30 GMT+0530 (India Standard Time) :GET /
Fri Jun 22 2018 14:01:23 GMT+0530 (India Standard Time) :GET /
Fri Jun 22 2018 14:01:24 GMT+0530 (India Standard Time) :GET /
Fri Jun 22 2018 14:01:24 GMT+0530 (India Standard Time) :GET /
Fri Jun 22 2018 14:01:25 GMT+0530 (India Standard Time) :GET /
Fri Jun 22 2018 14:01:48 GMT+0530 (India Standard Time) :GET /
Fri Jun 22 2018 14:01:49 GMT+0530 (India Standard Time) :GET /
Fri Jun 22 2018 14:01:55 GMT+0530 (India Standard Time) :GET /
Fri Jun 22 2018 14:01:56 GMT+0530 (India Standard Time) :GET /
Fri Jun 22 2018 14:01:56 GMT+0530 (India Standard Time) :GET /
Fri Jun 22 2018 14:01:57 GMT+0530 (India Standard Time) :GET /
Fri Jun 22 2018 14:01:57 GMT+0530 (India Standard Time) :GET /
Fri Jun 22 2018 14:01:57 GMT+0530 (India Standard Time) :GET /
Fri Jun 22 2018 14:01:57 GMT+0530 (India Standard Time) :GET /
Fri Jun 22 2018 14:02:30 GMT+0530 (India Standard Time) :GET /
Fri Jun 22 2018 14:02:30 GMT+0530 (India Standard Time) :GET /favicon.ico
Fri Jun 22 2018 14:02:34 GMT+0530 (India Standard Time) :GET /project
Fri Jun 22 2018 14:02:40 GMT+0530 (India Standard Time) :GET /About
Fri Jun 22 2018 14:02:46 GMT+0530 (India Standard Time) :GET /about
Fri Jun 22 2018 14:03:47 GMT+0530 (India Standard Time) :GET /about
Fri Jun 22 2018 14:03:48 GMT+0530 (India Standard Time) :GET /about
Fri Jun 22 2018 14:03:53 GMT+0530 (India Standard Time) :GET /about
